Build started 03.07.2015 00:11:23.
     1>Project "F:\Coding\VSTUDIO\ComplexCalc\CCalc_Core\CCalc_Core.vcxproj" on node 2 (Build target(s)).
     1>ClCompile:
         C:\Program Files (x86)\Microsoft Visual Studio 12.0\VC\bin\CL.exe /c /ZI /nologo /W3 /WX- /sdl /Od /Oy- /D _MYDBG_ /D _MBCS /D _MBCS /Gm /EHsc /RTC1 /MDd /GS /fp:precise /Zc:wchar_t /Zc:forScope /Fo"Debug\\" /Fd"Debug\vc120.pdb" /Gd /TP /analyze- /errorReport:prompt Main.cpp
         Main.cpp
       Link:
         C:\Program Files (x86)\Microsoft Visual Studio 12.0\VC\bin\link.exe /ERRORREPORT:PROMPT /OUT:"F:\Coding\VSTUDIO\ComplexCalc\Debug\cc_test_cpp.exe" /INCREMENTAL /NOLOGO kernel32.lib user32.lib gdi32.lib winspool.lib comdlg32.lib advapi32.lib shell32.lib ole32.lib oleaut32.lib uuid.lib odbc32.lib odbccp32.lib /MANIFEST /MANIFESTUAC:"level='asInvoker' uiAccess='false'" /manifest:embed /DEBUG /PDB:"F:\Coding\VSTUDIO\ComplexCalc\Debug\cc_test_cpp.pdb" /TLBID:1 /DYNAMICBASE /NXCOMPAT /IMPLIB:"F:\Coding\VSTUDIO\ComplexCalc\Debug\cc_test_cpp.lib" /MACHINE:X86 Debug\CAbstractEq.obj
         Debug\CAbstractFcnEq.obj
         Debug\CAddEq.obj
         Debug\CChainEq.obj
         Debug\CConstEq.obj
         Debug\CC_Common.obj
         Debug\CC_Function.obj
         Debug\CDivEq.obj
         Debug\CEqParserV2.obj
         Debug\CExpEq.obj
         Debug\CFcnChainEq.obj
         Debug\CFunctionsPool.obj
         Debug\CInvEq.obj
         Debug\CMplEq.obj
         Debug\CParsedFcnEq.obj
         Debug\CParsedFcnEqV2.obj
         Debug\CSubEq.obj
         Debug\CVarEq.obj
         Debug\Main.obj
         CCalc_Core.vcxproj -> F:\Coding\VSTUDIO\ComplexCalc\Debug\cc_test_cpp.exe
     1>Done Building Project "F:\Coding\VSTUDIO\ComplexCalc\CCalc_Core\CCalc_Core.vcxproj" (Build target(s)).

Build succeeded.

Time Elapsed 00:00:00.53
