f:\coding\vstudio\cpp_reqcpu\cpp_reqcpu\debug\vc120.pdb
f:\coding\vstudio\cpp_reqcpu\cpp_reqcpu\debug\vc120.idb
f:\coding\vstudio\cpp_reqcpu\cpp_reqcpu\debug\cabstracteq.obj
f:\coding\vstudio\cpp_reqcpu\cpp_reqcpu\debug\caddeq.obj
f:\coding\vstudio\cpp_reqcpu\cpp_reqcpu\debug\cchaineq.obj
f:\coding\vstudio\cpp_reqcpu\cpp_reqcpu\debug\cconsteq.obj
f:\coding\vstudio\cpp_reqcpu\cpp_reqcpu\debug\cdiveq.obj
f:\coding\vstudio\cpp_reqcpu\cpp_reqcpu\debug\cmpleq.obj
f:\coding\vstudio\cpp_reqcpu\cpp_reqcpu\debug\csubeq.obj
f:\coding\vstudio\cpp_reqcpu\cpp_reqcpu\debug\main.obj
f:\coding\vstudio\cpp_reqcpu\cpp_reqcpu\debug\ceqparser.obj
f:\coding\vstudio\cpp_reqcpu\debug\cpp_reqcpu.ilk
f:\coding\vstudio\cpp_reqcpu\debug\cpp_reqcpu.exe
f:\coding\vstudio\cpp_reqcpu\debug\cpp_reqcpu.pdb
f:\coding\vstudio\cpp_reqcpu\cpp_reqcpu\debug\cpp_reqcpu.tlog\cl.command.1.tlog
f:\coding\vstudio\cpp_reqcpu\cpp_reqcpu\debug\cpp_reqcpu.tlog\cl.read.1.tlog
f:\coding\vstudio\cpp_reqcpu\cpp_reqcpu\debug\cpp_reqcpu.tlog\cl.write.1.tlog
f:\coding\vstudio\cpp_reqcpu\cpp_reqcpu\debug\cpp_reqcpu.tlog\link.command.1.tlog
f:\coding\vstudio\cpp_reqcpu\cpp_reqcpu\debug\cpp_reqcpu.tlog\link.read.1.tlog
f:\coding\vstudio\cpp_reqcpu\cpp_reqcpu\debug\cpp_reqcpu.tlog\link.write.1.tlog
