f:\coding\vstudio\complexcalc\ccalc_core\release\vc120.pdb
f:\coding\vstudio\complexcalc\ccalc_core\release\ceqparser.obj
f:\coding\vstudio\complexcalc\ccalc_core\release\main.obj
f:\coding\vstudio\complexcalc\ccalc_core\release\cvareq.obj
f:\coding\vstudio\complexcalc\ccalc_core\release\csubeq.obj
f:\coding\vstudio\complexcalc\ccalc_core\release\cmpleq.obj
f:\coding\vstudio\complexcalc\ccalc_core\release\cfunctionspool.obj
f:\coding\vstudio\complexcalc\ccalc_core\release\cfcnchaineq.obj
f:\coding\vstudio\complexcalc\ccalc_core\release\cexpeq.obj
f:\coding\vstudio\complexcalc\ccalc_core\release\cdiveq.obj
f:\coding\vstudio\complexcalc\ccalc_core\release\cconsteq.obj
f:\coding\vstudio\complexcalc\ccalc_core\release\cchaineq.obj
f:\coding\vstudio\complexcalc\ccalc_core\release\caddeq.obj
f:\coding\vstudio\complexcalc\ccalc_core\release\cabstracteq.obj
f:\coding\vstudio\complexcalc\release\cc.exe
f:\coding\vstudio\complexcalc\release\cc.pdb
f:\coding\vstudio\complexcalc\ccalc_core\release\ccalc_core.tlog\cl.command.1.tlog
f:\coding\vstudio\complexcalc\ccalc_core\release\ccalc_core.tlog\cl.read.1.tlog
f:\coding\vstudio\complexcalc\ccalc_core\release\ccalc_core.tlog\cl.write.1.tlog
f:\coding\vstudio\complexcalc\ccalc_core\release\ccalc_core.tlog\link.command.1.tlog
f:\coding\vstudio\complexcalc\ccalc_core\release\ccalc_core.tlog\link.read.1.tlog
f:\coding\vstudio\complexcalc\ccalc_core\release\ccalc_core.tlog\link.write.1.tlog
