Build started 21.05.2015 19:24:04.
     1>Project "F:\Coding\VSTUDIO\ComplexCalc\CCalc_Core\CCalc_Core.vcxproj" on node 3 (Rebuild target(s)).
     1>C:\Program Files (x86)\MSBuild\Microsoft.Cpp\v4.0\V120\Microsoft.CppBuild.targets(388,5): warning MSB8028: The intermediate directory (Release\) contains files shared from another project (CPP_REqCpu.vcxproj).  This can lead to incorrect clean and rebuild behavior.
     1>ClCompile:
         C:\Program Files (x86)\Microsoft Visual Studio 12.0\VC\bin\CL.exe /c /Zi /nologo /W3 /WX- /sdl /O2 /Oi /Oy- /GL /D _MBCS /Gm- /EHsc /MD /GS /Gy /fp:precise /Zc:wchar_t /Zc:forScope /Fo"Release\\" /Fd"Release\vc120.pdb" /Gd /TP /analyze- /errorReport:prompt CAbstractEq.cpp CAddEq.cpp CChainEq.cpp CConstEq.cpp CDivEq.cpp CExpEq.cpp CMplEq.cpp CSubEq.cpp Main.cpp CEqParser.cpp
         CAbstractEq.cpp
         CAddEq.cpp
         CChainEq.cpp
         CConstEq.cpp
         CDivEq.cpp
         CExpEq.cpp
         CMplEq.cpp
         CSubEq.cpp
         Main.cpp
         CEqParser.cpp
       Link:
         C:\Program Files (x86)\Microsoft Visual Studio 12.0\VC\bin\link.exe /ERRORREPORT:PROMPT /OUT:"F:\Coding\VSTUDIO\ComplexCalc\Release\cc.exe" /NOLOGO kernel32.lib user32.lib gdi32.lib winspool.lib comdlg32.lib advapi32.lib shell32.lib ole32.lib oleaut32.lib uuid.lib odbc32.lib odbccp32.lib /MANIFEST /MANIFESTUAC:"level='asInvoker' uiAccess='false'" /manifest:embed /DEBUG /PDB:"F:\Coding\VSTUDIO\ComplexCalc\Release\cc.pdb" /OPT:REF /OPT:ICF /LTCG /TLBID:1 /DYNAMICBASE /NXCOMPAT /IMPLIB:"F:\Coding\VSTUDIO\ComplexCalc\Release\cc.lib" /MACHINE:X86 /SAFESEH Release\CAbstractEq.obj
         Release\CAddEq.obj
         Release\CChainEq.obj
         Release\CConstEq.obj
         Release\CDivEq.obj
         Release\CExpEq.obj
         Release\CMplEq.obj
         Release\CSubEq.obj
         Release\Main.obj
         Release\CEqParser.obj
         Generating code
         Finished generating code
         CCalc_Core.vcxproj -> F:\Coding\VSTUDIO\ComplexCalc\Release\cc.exe
     1>Done Building Project "F:\Coding\VSTUDIO\ComplexCalc\CCalc_Core\CCalc_Core.vcxproj" (Rebuild target(s)).

Build succeeded.

Time Elapsed 00:00:02.60
