INFO	?	main	2016-09-30T14:15:28.013Z	org.javacs.Main#connectToNode	Connected to parent using socket on port 55282
INFO	?	main	2016-09-30T14:15:28.139Z	org.javacs.JavaLanguageServer#doLint	Lint f:\Coding\ECLIPSE\Projects\JComplexCalculator\src\mkz\cc\launch\CCalcSimpleCLI.java
INFO	?	InitialIndex	2016-09-30T14:15:28.394Z	org.javacs.SymbolIndex$1#parseAll	Index f:\Coding\ECLIPSE\Projects\JComplexCalculator\src\mkz\cc\arithmetic\ArithmeticEquationFactory.java
INFO	?	InitialIndex	2016-09-30T14:15:28.423Z	org.javacs.SymbolIndex$1#parseAll	Index f:\Coding\ECLIPSE\Projects\JComplexCalculator\src\mkz\cc\arithmetic\ArithmeticOperation.java
INFO	?	InitialIndex	2016-09-30T14:15:28.427Z	org.javacs.SymbolIndex$1#parseAll	Index f:\Coding\ECLIPSE\Projects\JComplexCalculator\src\mkz\cc\arithmetic\ConstantsArithmetic.java
INFO	?	InitialIndex	2016-09-30T14:15:28.450Z	org.javacs.SymbolIndex$1#parseAll	Index f:\Coding\ECLIPSE\Projects\JComplexCalculator\src\mkz\cc\arithmetic\equation\LinearArithmeticEquation.java
INFO	?	InitialIndex	2016-09-30T14:15:28.479Z	org.javacs.SymbolIndex$1#parseAll	Index f:\Coding\ECLIPSE\Projects\JComplexCalculator\src\mkz\cc\arithmetic\equation\ParamLinearArithmeticEquation.java
INFO	?	InitialIndex	2016-09-30T14:15:28.489Z	org.javacs.SymbolIndex$1#parseAll	Index f:\Coding\ECLIPSE\Projects\JComplexCalculator\src\mkz\cc\arithmetic\function\ArithmeticFunctions.java
INFO	?	InitialIndex	2016-09-30T14:15:28.491Z	org.javacs.SymbolIndex$1#parseAll	Index f:\Coding\ECLIPSE\Projects\JComplexCalculator\src\mkz\cc\arithmetic\function\BasicFunctionsImpl.java
INFO	?	InitialIndex	2016-09-30T14:15:28.497Z	org.javacs.SymbolIndex$1#parseAll	Index f:\Coding\ECLIPSE\Projects\JComplexCalculator\src\mkz\cc\arithmetic\function\CallableFunctionsImpl.java
INFO	?	InitialIndex	2016-09-30T14:15:28.502Z	org.javacs.SymbolIndex$1#parseAll	Index f:\Coding\ECLIPSE\Projects\JComplexCalculator\src\mkz\cc\arithmetic\parser\ArithmeticEquationParser.java
INFO	?	InitialIndex	2016-09-30T14:15:28.504Z	org.javacs.SymbolIndex$1#parseAll	Index f:\Coding\ECLIPSE\Projects\JComplexCalculator\src\mkz\cc\arithmetic\parser\ArithmeticFunctionParser.java
INFO	?	InitialIndex	2016-09-30T14:15:28.506Z	org.javacs.SymbolIndex$1#parseAll	Index f:\Coding\ECLIPSE\Projects\JComplexCalculator\src\mkz\cc\core\CCalcCommon.java
INFO	?	InitialIndex	2016-09-30T14:15:28.512Z	org.javacs.SymbolIndex$1#parseAll	Index f:\Coding\ECLIPSE\Projects\JComplexCalculator\src\mkz\cc\core\debug\CCalcException.java
INFO	?	InitialIndex	2016-09-30T14:15:28.512Z	org.javacs.SymbolIndex$1#parseAll	Index f:\Coding\ECLIPSE\Projects\JComplexCalculator\src\mkz\cc\core\debug\equation\EquationException.java
INFO	?	InitialIndex	2016-09-30T14:15:28.516Z	org.javacs.SymbolIndex$1#parseAll	Index f:\Coding\ECLIPSE\Projects\JComplexCalculator\src\mkz\cc\core\debug\equation\InvalidParamCountException.java
INFO	?	InitialIndex	2016-09-30T14:15:28.520Z	org.javacs.SymbolIndex$1#parseAll	Index f:\Coding\ECLIPSE\Projects\JComplexCalculator\src\mkz\cc\core\debug\function\FunctionException.java
INFO	?	InitialIndex	2016-09-30T14:15:28.524Z	org.javacs.SymbolIndex$1#parseAll	Index f:\Coding\ECLIPSE\Projects\JComplexCalculator\src\mkz\cc\core\debug\parser\ParserException.java
INFO	?	InitialIndex	2016-09-30T14:15:28.525Z	org.javacs.SymbolIndex$1#parseAll	Index f:\Coding\ECLIPSE\Projects\JComplexCalculator\src\mkz\cc\core\equation\Constant.java
INFO	?	InitialIndex	2016-09-30T14:15:28.530Z	org.javacs.SymbolIndex$1#parseAll	Index f:\Coding\ECLIPSE\Projects\JComplexCalculator\src\mkz\cc\core\equation\definition\IEquation.java
INFO	?	InitialIndex	2016-09-30T14:15:28.541Z	org.javacs.SymbolIndex$1#parseAll	Index f:\Coding\ECLIPSE\Projects\JComplexCalculator\src\mkz\cc\core\equation\definition\IFunction.java
INFO	?	InitialIndex	2016-09-30T14:15:28.544Z	org.javacs.SymbolIndex$1#parseAll	Index f:\Coding\ECLIPSE\Projects\JComplexCalculator\src\mkz\cc\core\equation\definition\IParamEquation.java
INFO	?	InitialIndex	2016-09-30T14:15:28.547Z	org.javacs.SymbolIndex$1#parseAll	Index f:\Coding\ECLIPSE\Projects\JComplexCalculator\src\mkz\cc\core\equation\definition\IParametrizable.java
INFO	?	InitialIndex	2016-09-30T14:15:28.551Z	org.javacs.SymbolIndex$1#parseAll	Index f:\Coding\ECLIPSE\Projects\JComplexCalculator\src\mkz\cc\core\equation\Equation.java
INFO	?	InitialIndex	2016-09-30T14:15:28.557Z	org.javacs.SymbolIndex$1#parseAll	Index f:\Coding\ECLIPSE\Projects\JComplexCalculator\src\mkz\cc\core\equation\function\ParamEquation.java
INFO	?	InitialIndex	2016-09-30T14:15:28.561Z	org.javacs.SymbolIndex$1#parseAll	Index f:\Coding\ECLIPSE\Projects\JComplexCalculator\src\mkz\cc\core\equation\function\ParamFunction.java
INFO	?	InitialIndex	2016-09-30T14:15:28.567Z	org.javacs.SymbolIndex$1#parseAll	Index f:\Coding\ECLIPSE\Projects\JComplexCalculator\src\mkz\cc\core\equation\function\Variable.java
INFO	?	InitialIndex	2016-09-30T14:15:28.572Z	org.javacs.SymbolIndex$1#parseAll	Index f:\Coding\ECLIPSE\Projects\JComplexCalculator\src\mkz\cc\core\equation\linear\ALinearEquation.java
INFO	?	InitialIndex	2016-09-30T14:15:28.576Z	org.javacs.SymbolIndex$1#parseAll	Index f:\Coding\ECLIPSE\Projects\JComplexCalculator\src\mkz\cc\core\equation\linear\LinearOperation.java
INFO	?	InitialIndex	2016-09-30T14:15:28.580Z	org.javacs.SymbolIndex$1#parseAll	Index f:\Coding\ECLIPSE\Projects\JComplexCalculator\src\mkz\cc\core\equation\Operation.java
INFO	?	InitialIndex	2016-09-30T14:15:28.587Z	org.javacs.SymbolIndex$1#parseAll	Index f:\Coding\ECLIPSE\Projects\JComplexCalculator\src\mkz\cc\core\file\FileTools.java
INFO	?	InitialIndex	2016-09-30T14:15:28.590Z	org.javacs.SymbolIndex$1#parseAll	Index f:\Coding\ECLIPSE\Projects\JComplexCalculator\src\mkz\cc\core\parser\ParserCursor.java
INFO	?	InitialIndex	2016-09-30T14:15:28.594Z	org.javacs.SymbolIndex$1#parseAll	Index f:\Coding\ECLIPSE\Projects\JComplexCalculator\src\mkz\cc\core\parser\ParserTools.java
INFO	?	InitialIndex	2016-09-30T14:15:28.602Z	org.javacs.SymbolIndex$1#parseAll	Index f:\Coding\ECLIPSE\Projects\JComplexCalculator\src\mkz\cc\launch\CCalcPlotterTrip.java
INFO	?	InitialIndex	2016-09-30T14:15:28.606Z	org.javacs.SymbolIndex$1#parseAll	Index f:\Coding\ECLIPSE\Projects\JComplexCalculator\src\mkz\cc\launch\CCalcSimpleCLI.java
INFO	?	InitialIndex	2016-09-30T14:15:28.609Z	org.javacs.SymbolIndex$1#parseAll	Index f:\Coding\ECLIPSE\Projects\JComplexCalculator\src\mkz\cc\logical\ConstantsLogical.java
INFO	?	InitialIndex	2016-09-30T14:15:28.612Z	org.javacs.SymbolIndex$1#parseAll	Index f:\Coding\ECLIPSE\Projects\JComplexCalculator\src\mkz\cc\logical\equation\LinearLogicalEquation.java
INFO	?	InitialIndex	2016-09-30T14:15:28.616Z	org.javacs.SymbolIndex$1#parseAll	Index f:\Coding\ECLIPSE\Projects\JComplexCalculator\src\mkz\cc\logical\equation\ParamLinearLogicalEquation.java
INFO	?	InitialIndex	2016-09-30T14:15:28.619Z	org.javacs.SymbolIndex$1#parseAll	Index f:\Coding\ECLIPSE\Projects\JComplexCalculator\src\mkz\cc\logical\function\BasicLogicFunctionsImpl.java
INFO	?	InitialIndex	2016-09-30T14:15:28.622Z	org.javacs.SymbolIndex$1#parseAll	Index f:\Coding\ECLIPSE\Projects\JComplexCalculator\src\mkz\cc\logical\LogicalEquationFactory.java
INFO	?	InitialIndex	2016-09-30T14:15:28.628Z	org.javacs.SymbolIndex$1#parseAll	Index f:\Coding\ECLIPSE\Projects\JComplexCalculator\src\mkz\cc\logical\LogicalOperation.java
INFO	?	InitialIndex	2016-09-30T14:15:28.630Z	org.javacs.SymbolIndex$1#parseAll	Index f:\Coding\ECLIPSE\Projects\JComplexCalculator\src\mkz\cc\logical\parser\LogicalDefinitionParser.java
INFO	?	InitialIndex	2016-09-30T14:15:28.632Z	org.javacs.SymbolIndex$1#parseAll	Index f:\Coding\ECLIPSE\Projects\JComplexCalculator\src\mkz\cc\logical\parser\LogicalEquationParser.java
INFO	?	InitialIndex	2016-09-30T14:15:28.634Z	org.javacs.SymbolIndex$1#parseAll	Index f:\Coding\ECLIPSE\Projects\JComplexCalculator\src\mkz\cc\test\arithmetic\SuiteTestArithmetic.java
INFO	?	InitialIndex	2016-09-30T14:15:28.637Z	org.javacs.SymbolIndex$1#parseAll	Index f:\Coding\ECLIPSE\Projects\JComplexCalculator\src\mkz\cc\test\arithmetic\TestArithmeticFunctions.java
INFO	?	InitialIndex	2016-09-30T14:15:28.641Z	org.javacs.SymbolIndex$1#parseAll	Index f:\Coding\ECLIPSE\Projects\JComplexCalculator\src\mkz\cc\test\arithmetic\TestEquationParser.java
INFO	?	InitialIndex	2016-09-30T14:15:28.657Z	org.javacs.SymbolIndex$1#parseAll	Index f:\Coding\ECLIPSE\Projects\JComplexCalculator\src\mkz\cc\test\arithmetic\TestEquations.java
INFO	?	InitialIndex	2016-09-30T14:15:28.678Z	org.javacs.SymbolIndex$1#parseAll	Index f:\Coding\ECLIPSE\Projects\JComplexCalculator\src\mkz\cc\test\arithmetic\TestFunctionParser.java
INFO	?	InitialIndex	2016-09-30T14:15:28.683Z	org.javacs.SymbolIndex$1#parseAll	Index f:\Coding\ECLIPSE\Projects\JComplexCalculator\src\mkz\cc\test\arithmetic\TestLinearArithmeticEquation.java
INFO	?	InitialIndex	2016-09-30T14:15:28.687Z	org.javacs.SymbolIndex$1#parseAll	Index f:\Coding\ECLIPSE\Projects\JComplexCalculator\src\mkz\cc\test\arithmetic\TestParserTools.java
INFO	?	InitialIndex	2016-09-30T14:15:28.691Z	org.javacs.SymbolIndex$1#parseAll	Index f:\Coding\ECLIPSE\Projects\JComplexCalculator\src\mkz\cc\test\logical\TestDefParser.java
INFO	?	InitialIndex	2016-09-30T14:15:28.694Z	org.javacs.SymbolIndex$1#parseAll	Index f:\Coding\ECLIPSE\Projects\JComplexCalculator\src\mkz\cc\test\logical\TestEquation.java
INFO	?	InitialIndex	2016-09-30T14:15:28.698Z	org.javacs.SymbolIndex$1#parseAll	Index f:\Coding\ECLIPSE\Projects\JComplexCalculator\src\mkz\cc\test\logical\TestParser.java
INFO	?	InitialIndex	2016-09-30T14:15:28.701Z	org.javacs.SymbolIndex$1#parseAll	Index f:\Coding\ECLIPSE\Projects\JComplexCalculator\src\mkz\cc\test\ui\TestPlotter.java
INFO	?	InitialIndex	2016-09-30T14:15:28.705Z	org.javacs.SymbolIndex$1#parseAll	Index f:\Coding\ECLIPSE\Projects\JComplexCalculator\src\mkz\cc\ui\ArithmeticPlotter.java
INFO	?	InitialIndex	2016-09-30T14:15:28.714Z	org.javacs.SymbolIndex$1#parseAll	Index f:\Coding\ECLIPSE\Projects\JComplexCalculator\src\mkz\cc\ui\LogicalTruthTableDisp.java
INFO	?	InitialIndex	2016-09-30T14:15:28.716Z	org.javacs.SymbolIndex$1#parseAll	Index f:\Coding\ECLIPSE\Projects\JComplexCalculator\src\mkz\cc\ui\PlotterCommandLineDisp.java
INFO	?	InitialIndex	2016-09-30T14:15:28.717Z	org.javacs.SymbolIndex$1#parseAll	Index f:\Coding\ECLIPSE\Projects\JComplexCalculator\src\mkz\cc\VersionInfo.java
INFO	?	main	2016-09-30T14:16:03.518Z	org.javacs.JavaLanguageServer#doLint	Lint f:\Coding\ECLIPSE\Projects\JComplexCalculator\src\mkz\cc\launch\CCalcSimpleCLI.java
INFO	?	main	2016-09-30T14:16:05.296Z	org.javacs.JavaLanguageServer#doLint	Lint f:\Coding\ECLIPSE\Projects\JComplexCalculator\src\mkz\cc\launch\CCalcSimpleCLI.java
