f:\coding\vstudio\complexcalc\release\lib\ccalc.lib
f:\coding\vstudio\complexcalc\release\lib\ccalc.exp
f:\coding\vstudio\complexcalc\ccalc_dll\release\vc120.pdb
f:\coding\vstudio\complexcalc\ccalc_dll\release\ccalc_dll.obj
f:\coding\vstudio\complexcalc\ccalc_dll\release\csubeq.obj
f:\coding\vstudio\complexcalc\ccalc_dll\release\cmpleq.obj
f:\coding\vstudio\complexcalc\ccalc_dll\release\cexpeq.obj
f:\coding\vstudio\complexcalc\ccalc_dll\release\ceqparser.obj
f:\coding\vstudio\complexcalc\ccalc_dll\release\cdiveq.obj
f:\coding\vstudio\complexcalc\ccalc_dll\release\cconsteq.obj
f:\coding\vstudio\complexcalc\ccalc_dll\release\cchaineq.obj
f:\coding\vstudio\complexcalc\ccalc_dll\release\caddeq.obj
f:\coding\vstudio\complexcalc\ccalc_dll\release\cabstracteq.obj
f:\coding\vstudio\complexcalc\release\lib\ccalc.dll
f:\coding\vstudio\complexcalc\release\lib\ccalc.pdb
f:\coding\vstudio\complexcalc\ccalc_dll\release\ccalc_dll.tlog\ccalc_dll.write.1u.tlog
f:\coding\vstudio\complexcalc\ccalc_dll\release\ccalc_dll.tlog\cl.command.1.tlog
f:\coding\vstudio\complexcalc\ccalc_dll\release\ccalc_dll.tlog\cl.read.1.tlog
f:\coding\vstudio\complexcalc\ccalc_dll\release\ccalc_dll.tlog\cl.write.1.tlog
f:\coding\vstudio\complexcalc\ccalc_dll\release\ccalc_dll.tlog\link.command.1.tlog
f:\coding\vstudio\complexcalc\ccalc_dll\release\ccalc_dll.tlog\link.read.1.tlog
f:\coding\vstudio\complexcalc\ccalc_dll\release\ccalc_dll.tlog\link.write.1.tlog
